

Job-shop model

Number of work stations 5

Number of machines in each station     3 2 4 3 1 

Number of job types 3

Number of tasks for each job type      4 3 5 

Distribution function of job types  0.3 0.8 1.0 

Mean interarrival time of jobs 0.25 hours

Length of the simulation365.0 eight-hour days


Job type     Work stations on route

1        3 1 2 5 

2        4 1 3 

3        2 5 1 4 3 


Job type     Mean service time (in hours) for successive tasks

1    0.5 0.6 0.85 0.5 

2    1.1 0.8 0.75 

3    1.2 0.25 0.7 0.9 1.0 ************************************************************
*  STORE Station 1                                         *
************************************************************
*  Capacity = 3                                            *
*  Status = 3 used, 0 avaliable                            *
*  Average = 2.999255657196045                             *
*  Utilization = 0.9996575117111206                        *
*  Time interval = 0.0 - 2920.0                            *
************************************************************

************************************************************
*  STORE Station 2                                         *
************************************************************
*  Capacity = 2                                            *
*  Status = 2 used, 0 avaliable                            *
*  Average = 1.9991769790649414                            *
*  Utilization = 0.999315083026886                         *
*  Time interval = 0.0 - 2920.0                            *
************************************************************

************************************************************
*  STORE Station 3                                         *
************************************************************
*  Capacity = 4                                            *
*  Status = 4 used, 0 avaliable                            *
*  Average = 3.9973549842834473                            *
*  Utilization = 0.998630166053772                         *
*  Time interval = 0.0 - 2920.0                            *
************************************************************

************************************************************
*  STORE Station 4                                         *
************************************************************
*  Capacity = 3                                            *
*  Status = 3 used, 0 avaliable                            *
*  Average = 2.9963860511779785                            *
*  Utilization = 0.9979451894760132                        *
*  Time interval = 0.0 - 2920.0                            *
************************************************************

************************************************************
*  STORE Station 5                                         *
************************************************************
*  Capacity = 1                                            *
*  Status = 1 used, 0 avaliable                            *
*  Average = 0.9993611574172974                            *
*  Utilization = 0.9989725947380066                        *
*  Time interval = 0.0 - 2920.0                            *
************************************************************

************************************************************
*  DISCRETE STATISTIC Delay1                               *
************************************************************
*  Min = 0.0                    Max = 2918.7               *
*  Records = 13555                                         *
*  Average = 1467.8405                                     *
************************************************************

************************************************************
*  DISCRETE STATISTIC Delay2                               *
************************************************************
*  Min = 0.0                    Max = 2917.9504            *
*  Records = 6866                                          *
*  Average = 1454.957                                      *
************************************************************

************************************************************
*  DISCRETE STATISTIC Delay3                               *
************************************************************
*  Min = 0.0                    Max = 2916.8645            *
*  Records = 21656                                         *
*  Average = 1459.1382                                     *
************************************************************

************************************************************
*  DISCRETE STATISTIC Delay4                               *
************************************************************
*  Min = 0.0                    Max = 2911.5835            *
*  Records = 7942                                          *
*  Average = 1457.2125                                     *
************************************************************

************************************************************
*  DISCRETE STATISTIC Delay5                               *
************************************************************
*  Min = 0.0                    Max = 2917.734             *
*  Records = 5837                                          *
*  Average = 1453.9109                                     *
************************************************************

